{
  "RSpec": {
    "coverage": {
      "/Users/antoniosalmeron/turing/1module/projects/night_writer/spec/file_writer_spec.rb": {
        "lines": [
          1,
          1,
          1,
          null,
          null,
          1,
          null,
          1,
          1,
          null,
          1,
          1,
          null,
          null,
          1,
          1,
          1,
          null,
          null,
          null,
          null
        ]
      },
      "/Users/antoniosalmeron/turing/1module/projects/night_writer/lib/file_writer.rb": {
        "lines": [
          null,
          1,
          null,
          1,
          null,
          1,
          1,
          null,
          null,
          null,
          null,
          null
        ]
      },
      "/Users/antoniosalmeron/turing/1module/projects/night_writer/spec/grid_spec.rb": {
        "lines": [
          1,
          1,
          1,
          null,
          1,
          null,
          1,
          1,
          null,
          1,
          1,
          2,
          1,
          null,
          null,
          null,
          null,
          null,
          null,
          null,
          null,
          null
        ]
      },
      "/Users/antoniosalmeron/turing/1module/projects/night_writer/lib/grid.rb": {
        "lines": [
          1,
          null,
          1,
          null,
          1,
          null,
          1,
          3,
          3,
          3,
          null,
          null,
          1,
          1,
          1,
          1,
          null,
          null,
          null
        ]
      },
      "/Users/antoniosalmeron/turing/1module/projects/night_writer/lib/translator.rb": {
        "lines": [
          1,
          1,
          null,
          null,
          1,
          null,
          1,
          null,
          1,
          2,
          2,
          null,
          null,
          1,
          5,
          5,
          5,
          9,
          null,
          null,
          null,
          1,
          1,
          1,
          1,
          12,
          12,
          null,
          1,
          null,
          null,
          1,
          1,
          1,
          1,
          12,
          12,
          null,
          1,
          null,
          null,
          1,
          1,
          1,
          1,
          12,
          12,
          null,
          1,
          null,
          null,
          null
        ]
      },
      "/Users/antoniosalmeron/turing/1module/projects/night_writer/lib/english_dictionary.rb": {
        "lines": [
          1,
          1,
          null,
          5,
          null,
          null,
          null,
          null,
          null,
          null,
          null,
          null,
          null,
          null,
          null,
          null,
          null,
          null,
          null,
          null,
          null,
          null,
          null,
          null,
          null,
          null,
          null,
          null,
          null,
          null,
          null,
          null,
          null
        ]
      },
      "/Users/antoniosalmeron/turing/1module/projects/night_writer/spec/translator_spec.rb": {
        "lines": [
          1,
          1,
          1,
          null,
          null,
          1,
          null,
          1,
          1,
          null,
          1,
          1,
          null,
          null,
          1,
          1,
          null,
          null,
          null,
          null,
          1,
          1,
          null,
          null,
          null,
          null,
          null,
          null,
          null,
          1,
          1,
          1,
          1,
          null,
          null,
          null
        ]
      }
    },
    "timestamp": 1646541714
  }
}
