{
  "RSpec": {
    "coverage": {
      "/Users/antoniosalmeron/turing/1module/projects/night_writer/spec/file_writer_spec.rb": {
        "lines": [
          1,
          1,
          1,
          null,
          null,
          1,
          null,
          1,
          1,
          null,
          1,
          1,
          null,
          null,
          1,
          1,
          1,
          null,
          null,
          null,
          null
        ]
      },
      "/Users/antoniosalmeron/turing/1module/projects/night_writer/lib/file_writer.rb": {
        "lines": [
          null,
          1,
          null,
          1,
          null,
          1,
          1,
          null,
          null,
          null,
          null,
          null
        ]
      },
      "/Users/antoniosalmeron/turing/1module/projects/night_writer/spec/grid_spec.rb": {
        "lines": [
          1,
          1,
          1,
          null,
          1,
          null,
          1,
          1,
          null,
          1,
          1,
          2,
          1,
          null,
          null,
          null,
          null,
          null,
          null,
          null,
          null,
          null
        ]
      },
      "/Users/antoniosalmeron/turing/1module/projects/night_writer/lib/grid.rb": {
        "lines": [
          1,
          null,
          1,
          null,
          1,
          null,
          1,
          1,
          1,
          1,
          null,
          null,
          1,
          1,
          1,
          1,
          null,
          null,
          null
        ]
      },
      "/Users/antoniosalmeron/turing/1module/projects/night_writer/lib/translator.rb": {
        "lines": [
          1,
          null,
          null,
          1,
          null,
          1,
          null,
          1,
          3,
          null,
          null,
          1,
          122,
          122,
          122,
          10773,
          null,
          null,
          null,
          1,
          64,
          64,
          64,
          34410,
          34410,
          null,
          64,
          null,
          null,
          1,
          28,
          28,
          28,
          14754,
          14754,
          null,
          28,
          null,
          null,
          1,
          28,
          28,
          28,
          14754,
          14754,
          null,
          28,
          null,
          null,
          1,
          9,
          9,
          9,
          9,
          9,
          27,
          18,
          18,
          18,
          18,
          null,
          9,
          9,
          9,
          null,
          null,
          9,
          null,
          null,
          1,
          1,
          1,
          null,
          null,
          null,
          null,
          null
        ]
      },
      "/Users/antoniosalmeron/turing/1module/projects/night_writer/lib/english_dictionary.rb": {
        "lines": [
          1,
          1,
          null,
          122,
          null,
          null,
          null,
          null,
          null,
          null,
          null,
          null,
          null,
          null,
          null,
          null,
          null,
          null,
          null,
          null,
          null,
          null,
          null,
          null,
          null,
          null,
          null,
          null,
          null,
          null,
          null,
          null,
          null
        ]
      },
      "/Users/antoniosalmeron/turing/1module/projects/night_writer/spec/translator_spec.rb": {
        "lines": [
          1,
          1,
          1,
          null,
          null,
          1,
          null,
          1,
          1,
          1,
          null,
          1,
          1,
          null,
          null,
          1,
          1,
          null,
          null,
          null,
          null,
          1,
          1,
          null,
          null,
          null,
          null,
          null,
          null,
          null,
          1,
          1,
          1,
          1,
          null,
          null,
          1,
          1,
          null,
          null,
          1,
          1,
          null,
          null,
          null
        ]
      }
    },
    "timestamp": 1646604061
  }
}
